2016-02-21 21:48:00 [INFO] order info >Array
2016-02-21 21:48:04 [INFO] order info >Array
2016-02-21 21:48:07 [INFO] order info >Array
2016-02-21 21:52:43 [INFO] get restaurant > Array
2016-02-21 21:52:44 [INFO] get restaurant > Array
2016-02-21 21:56:05 [INFO] get restaurant > Array
2016-02-21 21:56:07 [INFO] get restaurant > Array
2016-02-21 21:57:19 [INFO] get restaurant > {"items":"[{\"number\":\"1\",\"order\":null,\"status\":\"0\"},{\"number\":\"2\",\"order\":null,\"status\":\"0\"},{\"number\":\"3\",\"order\":null,\"status\":\"0\"},{\"number\":\"4\",\"order\":null,\"status\":\"0\"},{\"number\":\"5\",\"order\":null,\"status\":\"0\"},{\"number\":\"6\",\"order\":null,\"status\":\"0\"},{\"number\":\"7\",\"order\":null,\"status\":\"0\"},{\"number\":\"8\",\"order\":null,\"status\":\"0\"},{\"number\":\"9\",\"order\":null,\"status\":\"0\"},{\"number\":\"10\",\"order\":null,\"status\":\"0\"},{\"number\":\"11\",\"order\":null,\"status\":\"0\"},{\"number\":\"12\",\"order\":null,\"status\":\"0\"},{\"number\":\"13\",\"order\":null,\"status\":\"0\"},{\"number\":\"14\",\"order\":null,\"status\":\"0\"},{\"number\":\"15\",\"order\":null,\"status\":\"0\"},{\"number\":\"16\",\"order\":null,\"status\":\"0\"},{\"number\":\"17\",\"order\":null,\"status\":\"0\"},{\"number\":\"18\",\"order\":null,\"status\":\"0\"},{\"number\":\"19\",\"order\":null,\"status\":\"0\"},{\"number\":\"20\",\"order\":null,\"status\":\"0\"}]","info":"\"null\""}
2016-02-21 21:57:49 [INFO] get restaurant > {"items":"[{\"number\":\"1\",\"order\":null,\"status\":\"0\"},{\"number\":\"2\",\"order\":null,\"status\":\"0\"},{\"number\":\"3\",\"order\":null,\"status\":\"0\"},{\"number\":\"4\",\"order\":null,\"status\":\"0\"},{\"number\":\"5\",\"order\":null,\"status\":\"0\"},{\"number\":\"6\",\"order\":null,\"status\":\"0\"},{\"number\":\"7\",\"order\":null,\"status\":\"0\"},{\"number\":\"8\",\"order\":null,\"status\":\"0\"},{\"number\":\"9\",\"order\":null,\"status\":\"0\"},{\"number\":\"10\",\"order\":null,\"status\":\"0\"},{\"number\":\"11\",\"order\":null,\"status\":\"0\"},{\"number\":\"12\",\"order\":null,\"status\":\"0\"},{\"number\":\"13\",\"order\":null,\"status\":\"0\"},{\"number\":\"14\",\"order\":null,\"status\":\"0\"},{\"number\":\"15\",\"order\":null,\"status\":\"0\"},{\"number\":\"16\",\"order\":null,\"status\":\"0\"},{\"number\":\"17\",\"order\":null,\"status\":\"0\"},{\"number\":\"18\",\"order\":null,\"status\":\"0\"},{\"number\":\"19\",\"order\":null,\"status\":\"0\"},{\"number\":\"20\",\"order\":null,\"status\":\"0\"}]","info":"\"null\""}
2016-02-21 21:57:50 [INFO] get restaurant > {"items":"null","info":"{\"total\":null,\"net\":null,\"receive\":null,\"change\":null,\"discount\":null}"}
2016-02-21 21:58:19 [INFO] get restaurant > {"items":"[{\"number\":\"1\",\"order\":null,\"status\":\"0\"},{\"number\":\"2\",\"order\":null,\"status\":\"0\"},{\"number\":\"3\",\"order\":null,\"status\":\"0\"},{\"number\":\"4\",\"order\":null,\"status\":\"0\"},{\"number\":\"5\",\"order\":null,\"status\":\"0\"},{\"number\":\"6\",\"order\":null,\"status\":\"0\"},{\"number\":\"7\",\"order\":null,\"status\":\"0\"},{\"number\":\"8\",\"order\":null,\"status\":\"0\"},{\"number\":\"9\",\"order\":null,\"status\":\"0\"},{\"number\":\"10\",\"order\":\"82\",\"status\":\"1\"},{\"number\":\"11\",\"order\":null,\"status\":\"0\"},{\"number\":\"12\",\"order\":null,\"status\":\"0\"},{\"number\":\"13\",\"order\":null,\"status\":\"0\"},{\"number\":\"14\",\"order\":null,\"status\":\"0\"},{\"number\":\"15\",\"order\":null,\"status\":\"0\"},{\"number\":\"16\",\"order\":null,\"status\":\"0\"},{\"number\":\"17\",\"order\":null,\"status\":\"0\"},{\"number\":\"18\",\"order\":null,\"status\":\"0\"},{\"number\":\"19\",\"order\":null,\"status\":\"0\"},{\"number\":\"20\",\"order\":null,\"status\":\"0\"}]","info":"\"null\""}
2016-02-21 22:02:28 [INFO] get restaurant > null
2016-02-21 22:02:46 [INFO] get restaurant > Array
(
    [total] => 400
    [net] => 400
    [receive] => 0
    [change] => 0
    [discount] => 0
)

2016-02-21 22:03:21 [INFO] get restaurant > Array
(
    [items] => [{"number":"1","order":null,"status":"0"},{"number":"2","order":null,"status":"0"},{"number":"3","order":null,"status":"0"},{"number":"4","order":null,"status":"0"},{"number":"5","order":null,"status":"0"},{"number":"6","order":null,"status":"0"},{"number":"7","order":null,"status":"0"},{"number":"8","order":null,"status":"0"},{"number":"9","order":null,"status":"0"},{"number":"10","order":"82","status":"1"},{"number":"11","order":null,"status":"0"},{"number":"12","order":null,"status":"0"},{"number":"13","order":null,"status":"0"},{"number":"14","order":null,"status":"0"},{"number":"15","order":null,"status":"0"},{"number":"16","order":null,"status":"0"},{"number":"17","order":null,"status":"0"},{"number":"18","order":null,"status":"0"},{"number":"19","order":null,"status":"0"},{"number":"20","order":null,"status":"0"}]
    [info] => "null"
)

2016-02-21 22:03:23 [INFO] get restaurant > Array
(
    [items] => [{"odid":"214","prod":"2","price":"400","prodgroup":"2","groupname":"\u0e25\u0e49\u0e32\u0e07\u0e02\u0e31\u0e14\u0e40\u0e04\u0e25\u0e37\u0e2d\u0e1a","prodname":"Car"}]
    [info] => {"total":"400","net":"400","receive":"0","change":"0","discount":"0"}
)

2016-02-21 22:04:27 [INFO] get restaurant > Array
(
    [items] => [{"number":"1","order":null,"status":"0"},{"number":"2","order":null,"status":"0"},{"number":"3","order":null,"status":"0"},{"number":"4","order":null,"status":"0"},{"number":"5","order":null,"status":"0"},{"number":"6","order":null,"status":"0"},{"number":"7","order":null,"status":"0"},{"number":"8","order":null,"status":"0"},{"number":"9","order":null,"status":"0"},{"number":"10","order":null,"status":"0"},{"number":"11","order":null,"status":"0"},{"number":"12","order":null,"status":"0"},{"number":"13","order":null,"status":"0"},{"number":"14","order":null,"status":"0"},{"number":"15","order":null,"status":"0"},{"number":"16","order":null,"status":"0"},{"number":"17","order":null,"status":"0"},{"number":"18","order":null,"status":"0"},{"number":"19","order":null,"status":"0"},{"number":"20","order":null,"status":"0"}]
    [info] => "null"
)

2016-02-21 22:09:57 [INFO] get restaurant table> 
2016-02-21 22:13:16 [INFO] get restaurant info> null
2016-02-21 22:13:17 [INFO] get restaurant info> Array
(
    [total] => 
    [net] => 
    [receive] => 
    [change] => 
    [discount] => 
)

2016-02-21 22:13:51 [INFO] get restaurant info> Array
(
    [items] => null
    [info] => {"total":null,"net":null,"receive":null,"change":null,"discount":null}
)

2016-02-21 22:14:04 [INFO] get restaurant info> Array
(
    [items] => [{"number":"1","order":null,"status":"0"},{"number":"2","order":null,"status":"0"},{"number":"3","order":null,"status":"0"},{"number":"4","order":null,"status":"0"},{"number":"5","order":null,"status":"0"},{"number":"6","order":null,"status":"0"},{"number":"7","order":null,"status":"0"},{"number":"8","order":null,"status":"0"},{"number":"9","order":null,"status":"0"},{"number":"10","order":null,"status":"0"},{"number":"11","order":null,"status":"0"},{"number":"12","order":null,"status":"0"},{"number":"13","order":null,"status":"0"},{"number":"14","order":null,"status":"0"},{"number":"15","order":null,"status":"0"},{"number":"16","order":null,"status":"0"},{"number":"17","order":null,"status":"0"},{"number":"18","order":null,"status":"0"},{"number":"19","order":null,"status":"0"},{"number":"20","order":null,"status":"0"}]
    [info] => "null"
)

2016-02-21 22:47:25 [INFO] get restaurant info> Array
(
    [items] => [{"number":"1","order":null,"status":"0"},{"number":"2","order":null,"status":"0"},{"number":"3","order":null,"status":"0"},{"number":"4","order":null,"status":"0"},{"number":"5","order":null,"status":"0"},{"number":"6","order":null,"status":"0"},{"number":"7","order":null,"status":"0"},{"number":"8","order":null,"status":"0"},{"number":"9","order":null,"status":"0"},{"number":"10","order":null,"status":"0"},{"number":"11","order":null,"status":"0"},{"number":"12","order":null,"status":"0"},{"number":"13","order":null,"status":"0"},{"number":"14","order":null,"status":"0"},{"number":"15","order":null,"status":"0"},{"number":"16","order":null,"status":"0"},{"number":"17","order":null,"status":"0"},{"number":"18","order":null,"status":"0"},{"number":"19","order":null,"status":"0"},{"number":"20","order":null,"status":"0"}]
    [info] => "null"
)

2016-02-21 22:47:26 [INFO] get restaurant info> Array
(
    [items] => null
    [info] => {"total":null,"net":null,"receive":null,"change":null,"discount":null}
)

2016-02-21 22:47:27 [INFO] get restaurant info> Array
(
    [items] => null
    [info] => {"total":null,"net":null,"receive":null,"change":null,"discount":null}
)

2016-02-21 23:14:55 [INFO] get restaurant info> Array
(
    [items] => [{"number":"1","order":null,"status":"0"},{"number":"2","order":null,"status":"0"},{"number":"3","order":null,"status":"0"},{"number":"4","order":null,"status":"0"},{"number":"5","order":null,"status":"0"},{"number":"6","order":null,"status":"0"},{"number":"7","order":null,"status":"0"},{"number":"8","order":null,"status":"0"},{"number":"9","order":null,"status":"0"},{"number":"10","order":null,"status":"0"},{"number":"11","order":null,"status":"0"},{"number":"12","order":null,"status":"0"},{"number":"13","order":null,"status":"0"},{"number":"14","order":null,"status":"0"},{"number":"15","order":null,"status":"0"},{"number":"16","order":null,"status":"0"},{"number":"17","order":null,"status":"0"},{"number":"18","order":null,"status":"0"},{"number":"19","order":null,"status":"0"},{"number":"20","order":null,"status":"0"}]
    [info] => "null"
)

2016-02-21 23:15:09 [INFO] get restaurant info> Array
(
    [items] => [{"number":"1","order":null,"status":"0"},{"number":"2","order":null,"status":"0"},{"number":"3","order":null,"status":"0"},{"number":"4","order":null,"status":"0"},{"number":"5","order":null,"status":"0"},{"number":"6","order":null,"status":"0"},{"number":"7","order":null,"status":"0"},{"number":"8","order":null,"status":"0"},{"number":"9","order":null,"status":"0"},{"number":"10","order":null,"status":"0"},{"number":"11","order":null,"status":"0"},{"number":"12","order":null,"status":"0"},{"number":"13","order":null,"status":"0"},{"number":"14","order":null,"status":"0"},{"number":"15","order":null,"status":"0"},{"number":"16","order":null,"status":"0"},{"number":"17","order":null,"status":"0"},{"number":"18","order":null,"status":"0"},{"number":"19","order":null,"status":"0"},{"number":"20","order":null,"status":"0"}]
    [info] => "null"
)

2016-02-21 23:15:44 [INFO] get restaurant info> Array
(
    [items] => [{"number":"1","order":null,"status":"0"},{"number":"2","order":null,"status":"0"},{"number":"3","order":null,"status":"0"},{"number":"4","order":null,"status":"0"},{"number":"5","order":null,"status":"0"},{"number":"6","order":null,"status":"0"},{"number":"7","order":null,"status":"0"},{"number":"8","order":null,"status":"0"},{"number":"9","order":null,"status":"0"},{"number":"10","order":null,"status":"0"},{"number":"11","order":null,"status":"0"},{"number":"12","order":null,"status":"0"},{"number":"13","order":null,"status":"0"},{"number":"14","order":null,"status":"0"},{"number":"15","order":null,"status":"0"},{"number":"16","order":null,"status":"0"},{"number":"17","order":null,"status":"0"},{"number":"18","order":null,"status":"0"},{"number":"19","order":null,"status":"0"},{"number":"20","order":null,"status":"0"}]
    [info] => "null"
)

2016-02-21 23:16:07 [INFO] get restaurant info> Array
(
    [items] => [{"number":"1","order":null,"status":"0"},{"number":"2","order":null,"status":"0"},{"number":"3","order":null,"status":"0"},{"number":"4","order":null,"status":"0"},{"number":"5","order":null,"status":"0"},{"number":"6","order":null,"status":"0"},{"number":"7","order":null,"status":"0"},{"number":"8","order":null,"status":"0"},{"number":"9","order":null,"status":"0"},{"number":"10","order":null,"status":"0"},{"number":"11","order":null,"status":"0"},{"number":"12","order":null,"status":"0"},{"number":"13","order":null,"status":"0"},{"number":"14","order":null,"status":"0"},{"number":"15","order":null,"status":"0"},{"number":"16","order":null,"status":"0"},{"number":"17","order":null,"status":"0"},{"number":"18","order":null,"status":"0"},{"number":"19","order":null,"status":"0"},{"number":"20","order":null,"status":"0"}]
    [info] => "null"
)

2016-02-21 23:16:12 [INFO] get restaurant info> Array
(
    [items] => null
    [info] => {"total":null,"net":null,"receive":null,"change":null,"discount":null}
)

2016-02-21 23:16:13 [INFO] get restaurant info> Array
(
    [items] => null
    [info] => {"total":null,"net":null,"receive":null,"change":null,"discount":null}
)

2016-02-21 23:16:13 [INFO] get restaurant info> Array
(
    [items] => null
    [info] => {"total":null,"net":null,"receive":null,"change":null,"discount":null}
)

2016-02-21 23:16:14 [INFO] get restaurant info> Array
(
    [items] => null
    [info] => {"total":null,"net":null,"receive":null,"change":null,"discount":null}
)

2016-02-21 23:16:14 [INFO] get restaurant info> Array
(
    [items] => null
    [info] => {"total":null,"net":null,"receive":null,"change":null,"discount":null}
)

2016-02-21 23:16:14 [INFO] get restaurant info> Array
(
    [items] => null
    [info] => {"total":null,"net":null,"receive":null,"change":null,"discount":null}
)

2016-02-21 23:16:16 [INFO] get restaurant info> Array
(
    [items] => null
    [info] => {"total":null,"net":null,"receive":null,"change":null,"discount":null}
)

2016-02-21 23:16:19 [INFO] get restaurant info> Array
(
    [items] => null
    [info] => {"total":null,"net":null,"receive":null,"change":null,"discount":null}
)

2016-02-21 23:16:28 [INFO] get restaurant info> Array
(
    [items] => [{"number":"1","order":"87","status":"1"},{"number":"2","order":null,"status":"0"},{"number":"3","order":null,"status":"0"},{"number":"4","order":null,"status":"0"},{"number":"5","order":null,"status":"0"},{"number":"6","order":null,"status":"0"},{"number":"7","order":null,"status":"0"},{"number":"8","order":null,"status":"0"},{"number":"9","order":null,"status":"0"},{"number":"10","order":null,"status":"0"},{"number":"11","order":null,"status":"0"},{"number":"12","order":null,"status":"0"},{"number":"13","order":null,"status":"0"},{"number":"14","order":null,"status":"0"},{"number":"15","order":null,"status":"0"},{"number":"16","order":null,"status":"0"},{"number":"17","order":null,"status":"0"},{"number":"18","order":null,"status":"0"},{"number":"19","order":null,"status":"0"},{"number":"20","order":null,"status":"0"}]
    [info] => "null"
)

2016-02-21 23:16:46 [INFO] get restaurant info> Array
(
    [items] => [{"number":"1","order":"87","status":"1"},{"number":"2","order":null,"status":"0"},{"number":"3","order":null,"status":"0"},{"number":"4","order":null,"status":"0"},{"number":"5","order":null,"status":"0"},{"number":"6","order":null,"status":"0"},{"number":"7","order":null,"status":"0"},{"number":"8","order":null,"status":"0"},{"number":"9","order":null,"status":"0"},{"number":"10","order":null,"status":"0"},{"number":"11","order":null,"status":"0"},{"number":"12","order":null,"status":"0"},{"number":"13","order":null,"status":"0"},{"number":"14","order":null,"status":"0"},{"number":"15","order":null,"status":"0"},{"number":"16","order":null,"status":"0"},{"number":"17","order":null,"status":"0"},{"number":"18","order":null,"status":"0"},{"number":"19","order":null,"status":"0"},{"number":"20","order":null,"status":"0"}]
    [info] => "null"
)

2016-02-21 23:16:48 [INFO] get restaurant info> Array
(
    [items] => null
    [info] => {"total":null,"net":null,"receive":null,"change":null,"discount":null}
)

2016-02-21 23:16:49 [INFO] get restaurant info> Array
(
    [items] => null
    [info] => {"total":null,"net":null,"receive":null,"change":null,"discount":null}
)

2016-02-21 23:16:53 [INFO] get restaurant info> Array
(
    [items] => null
    [info] => {"total":null,"net":null,"receive":null,"change":null,"discount":null}
)

2016-02-21 23:16:54 [INFO] get restaurant info> Array
(
    [items] => null
    [info] => {"total":null,"net":null,"receive":null,"change":null,"discount":null}
)

2016-02-21 23:16:54 [INFO] get restaurant info> Array
(
    [items] => null
    [info] => {"total":null,"net":null,"receive":null,"change":null,"discount":null}
)

2016-02-21 23:16:55 [INFO] get restaurant info> Array
(
    [items] => null
    [info] => {"total":null,"net":null,"receive":null,"change":null,"discount":null}
)

2016-02-21 23:16:55 [INFO] get restaurant info> Array
(
    [items] => null
    [info] => {"total":null,"net":null,"receive":null,"change":null,"discount":null}
)

2016-02-21 23:16:55 [INFO] get restaurant info> Array
(
    [items] => null
    [info] => {"total":null,"net":null,"receive":null,"change":null,"discount":null}
)

2016-02-21 23:17:03 [INFO] get restaurant info> Array
(
    [items] => [{"number":"1","order":"87","status":"1"},{"number":"2","order":null,"status":"0"},{"number":"3","order":null,"status":"0"},{"number":"4","order":null,"status":"0"},{"number":"5","order":null,"status":"0"},{"number":"6","order":null,"status":"0"},{"number":"7","order":null,"status":"0"},{"number":"8","order":null,"status":"0"},{"number":"9","order":null,"status":"0"},{"number":"10","order":null,"status":"0"},{"number":"11","order":null,"status":"0"},{"number":"12","order":null,"status":"0"},{"number":"13","order":null,"status":"0"},{"number":"14","order":null,"status":"0"},{"number":"15","order":null,"status":"0"},{"number":"16","order":null,"status":"0"},{"number":"17","order":null,"status":"0"},{"number":"18","order":null,"status":"0"},{"number":"19","order":null,"status":"0"},{"number":"20","order":null,"status":"0"}]
    [info] => "null"
)

2016-02-21 23:17:06 [INFO] get restaurant info> Array
(
    [items] => null
    [info] => {"total":null,"net":null,"receive":null,"change":null,"discount":null}
)

2016-02-21 23:17:06 [INFO] get restaurant info> Array
(
    [items] => null
    [info] => {"total":null,"net":null,"receive":null,"change":null,"discount":null}
)

2016-02-21 23:17:07 [INFO] get restaurant info> Array
(
    [items] => [{"odid":"227","prod":"2","price":"120","prodgroup":"1","groupname":"\u0e23\u0e16\u0e02\u0e19\u0e32\u0e14\u0e40\u0e25\u0e47\u0e01","prodname":"Car"},{"odid":"228","prod":"3","price":"160","prodgroup":"1","groupname":"\u0e23\u0e16\u0e02\u0e19\u0e32\u0e14\u0e40\u0e25\u0e47\u0e01","prodname":"Ute"},{"odid":"229","prod":"4","price":"180","prodgroup":"1","groupname":"\u0e23\u0e16\u0e02\u0e19\u0e32\u0e14\u0e40\u0e25\u0e47\u0e01","prodname":"Van\/SUV"}]
    [info] => {"total":"460","net":"460","receive":"0","change":"0","discount":"0"}
)

2016-02-21 23:17:08 [INFO] get restaurant info> Array
(
    [items] => null
    [info] => {"total":null,"net":null,"receive":null,"change":null,"discount":null}
)

2016-02-21 23:17:09 [INFO] get restaurant info> Array
(
    [items] => [{"odid":"227","prod":"2","price":"120","prodgroup":"1","groupname":"\u0e23\u0e16\u0e02\u0e19\u0e32\u0e14\u0e40\u0e25\u0e47\u0e01","prodname":"Car"},{"odid":"228","prod":"3","price":"160","prodgroup":"1","groupname":"\u0e23\u0e16\u0e02\u0e19\u0e32\u0e14\u0e40\u0e25\u0e47\u0e01","prodname":"Ute"},{"odid":"229","prod":"4","price":"180","prodgroup":"1","groupname":"\u0e23\u0e16\u0e02\u0e19\u0e32\u0e14\u0e40\u0e25\u0e47\u0e01","prodname":"Van\/SUV"}]
    [info] => {"total":"460","net":"460","receive":"0","change":"0","discount":"0"}
)

2016-02-21 23:17:10 [INFO] get restaurant info> Array
(
    [items] => null
    [info] => {"total":null,"net":null,"receive":null,"change":null,"discount":null}
)

2016-02-21 23:17:10 [INFO] get restaurant info> Array
(
    [items] => null
    [info] => {"total":null,"net":null,"receive":null,"change":null,"discount":null}
)

2016-02-21 23:17:11 [INFO] get restaurant info> Array
(
    [items] => null
    [info] => {"total":null,"net":null,"receive":null,"change":null,"discount":null}
)

2016-02-21 23:17:11 [INFO] get restaurant info> Array
(
    [items] => [{"odid":"227","prod":"2","price":"120","prodgroup":"1","groupname":"\u0e23\u0e16\u0e02\u0e19\u0e32\u0e14\u0e40\u0e25\u0e47\u0e01","prodname":"Car"},{"odid":"228","prod":"3","price":"160","prodgroup":"1","groupname":"\u0e23\u0e16\u0e02\u0e19\u0e32\u0e14\u0e40\u0e25\u0e47\u0e01","prodname":"Ute"},{"odid":"229","prod":"4","price":"180","prodgroup":"1","groupname":"\u0e23\u0e16\u0e02\u0e19\u0e32\u0e14\u0e40\u0e25\u0e47\u0e01","prodname":"Van\/SUV"}]
    [info] => {"total":"460","net":"460","receive":"0","change":"0","discount":"0"}
)

2016-02-21 23:17:12 [INFO] get restaurant info> Array
(
    [items] => null
    [info] => {"total":null,"net":null,"receive":null,"change":null,"discount":null}
)

2016-02-21 23:17:13 [INFO] get restaurant info> Array
(
    [items] => null
    [info] => {"total":null,"net":null,"receive":null,"change":null,"discount":null}
)

2016-02-21 23:17:14 [INFO] get restaurant info> Array
(
    [items] => null
    [info] => {"total":null,"net":null,"receive":null,"change":null,"discount":null}
)

2016-02-21 23:17:15 [INFO] get restaurant info> Array
(
    [items] => [{"odid":"227","prod":"2","price":"120","prodgroup":"1","groupname":"\u0e23\u0e16\u0e02\u0e19\u0e32\u0e14\u0e40\u0e25\u0e47\u0e01","prodname":"Car"},{"odid":"228","prod":"3","price":"160","prodgroup":"1","groupname":"\u0e23\u0e16\u0e02\u0e19\u0e32\u0e14\u0e40\u0e25\u0e47\u0e01","prodname":"Ute"},{"odid":"229","prod":"4","price":"180","prodgroup":"1","groupname":"\u0e23\u0e16\u0e02\u0e19\u0e32\u0e14\u0e40\u0e25\u0e47\u0e01","prodname":"Van\/SUV"}]
    [info] => {"total":"460","net":"460","receive":"0","change":"0","discount":"0"}
)

2016-02-21 23:17:16 [INFO] get restaurant info> Array
(
    [items] => null
    [info] => {"total":null,"net":null,"receive":null,"change":null,"discount":null}
)

2016-02-21 23:17:17 [INFO] get restaurant info> Array
(
    [items] => null
    [info] => {"total":null,"net":null,"receive":null,"change":null,"discount":null}
)

2016-02-21 23:17:17 [INFO] get restaurant info> Array
(
    [items] => null
    [info] => {"total":null,"net":null,"receive":null,"change":null,"discount":null}
)

2016-02-21 23:17:19 [INFO] get restaurant info> Array
(
    [items] => null
    [info] => {"total":null,"net":null,"receive":null,"change":null,"discount":null}
)

2016-02-21 23:17:20 [INFO] get restaurant info> Array
(
    [items] => null
    [info] => {"total":null,"net":null,"receive":null,"change":null,"discount":null}
)

2016-02-21 23:17:21 [INFO] get restaurant info> Array
(
    [items] => null
    [info] => {"total":null,"net":null,"receive":null,"change":null,"discount":null}
)

2016-02-21 23:17:21 [INFO] get restaurant info> Array
(
    [items] => null
    [info] => {"total":null,"net":null,"receive":null,"change":null,"discount":null}
)

2016-02-21 23:17:22 [INFO] get restaurant info> Array
(
    [items] => null
    [info] => {"total":null,"net":null,"receive":null,"change":null,"discount":null}
)

2016-02-21 23:17:22 [INFO] get restaurant info> Array
(
    [items] => null
    [info] => {"total":null,"net":null,"receive":null,"change":null,"discount":null}
)

2016-02-21 23:17:26 [INFO] get restaurant info> Array
(
    [items] => null
    [info] => {"total":null,"net":null,"receive":null,"change":null,"discount":null}
)

2016-02-21 23:17:27 [INFO] get restaurant info> Array
(
    [items] => null
    [info] => {"total":null,"net":null,"receive":null,"change":null,"discount":null}
)

2016-02-21 23:17:28 [INFO] get restaurant info> Array
(
    [items] => null
    [info] => {"total":null,"net":null,"receive":null,"change":null,"discount":null}
)

2016-02-21 23:17:29 [INFO] get restaurant info> Array
(
    [items] => [{"odid":"227","prod":"2","price":"120","prodgroup":"1","groupname":"\u0e23\u0e16\u0e02\u0e19\u0e32\u0e14\u0e40\u0e25\u0e47\u0e01","prodname":"Car"},{"odid":"228","prod":"3","price":"160","prodgroup":"1","groupname":"\u0e23\u0e16\u0e02\u0e19\u0e32\u0e14\u0e40\u0e25\u0e47\u0e01","prodname":"Ute"},{"odid":"229","prod":"4","price":"180","prodgroup":"1","groupname":"\u0e23\u0e16\u0e02\u0e19\u0e32\u0e14\u0e40\u0e25\u0e47\u0e01","prodname":"Van\/SUV"}]
    [info] => {"total":"460","net":"460","receive":"0","change":"0","discount":"0"}
)

2016-02-21 23:17:40 [INFO] get restaurant info> Array
(
    [items] => null
    [info] => {"total":null,"net":null,"receive":null,"change":null,"discount":null}
)

2016-02-21 23:17:40 [INFO] get restaurant info> Array
(
    [items] => null
    [info] => {"total":null,"net":null,"receive":null,"change":null,"discount":null}
)

2016-02-21 23:17:41 [INFO] get restaurant info> Array
(
    [items] => [{"odid":"227","prod":"2","price":"120","prodgroup":"1","groupname":"\u0e23\u0e16\u0e02\u0e19\u0e32\u0e14\u0e40\u0e25\u0e47\u0e01","prodname":"Car"},{"odid":"228","prod":"3","price":"160","prodgroup":"1","groupname":"\u0e23\u0e16\u0e02\u0e19\u0e32\u0e14\u0e40\u0e25\u0e47\u0e01","prodname":"Ute"},{"odid":"229","prod":"4","price":"180","prodgroup":"1","groupname":"\u0e23\u0e16\u0e02\u0e19\u0e32\u0e14\u0e40\u0e25\u0e47\u0e01","prodname":"Van\/SUV"}]
    [info] => {"total":"460","net":"460","receive":"0","change":"0","discount":"0"}
)

